<?xml version="1.0" encoding="UTF-8"?>
<testng-results ignored="2" total="2" passed="0" failed="0" skipped="0">
  <reporter-output>
  </reporter-output>
  <suite started-at="2023-12-06T23:10:35 AST" name="Default suite" finished-at="2023-12-06T23:10:39 AST" duration-ms="3696">
    <groups>
    </groups>
    <test started-at="2023-12-06T23:10:35 AST" name="Default test" finished-at="2023-12-06T23:10:39 AST" duration-ms="3696">
      <class name="MyTestCases">
        <test-method is-config="true" signature="setUp()[pri:0, instance:MyTestCases@37fbe4a8]" started-at="2023-12-06T23:10:35 AST" name="setUp" finished-at="2023-12-06T23:10:39 AST" duration-ms="3684" status="PASS">
          <reporter-output>
          </reporter-output>
        </test-method> <!-- setUp -->
      </class> <!-- MyTestCases -->
    </test> <!-- Default test -->
  </suite> <!-- Default suite -->
</testng-results>
